{"C:\\Users\\Shirley\\LIM013-card-validation\\src\\validator.js": {"path":"C:\\Users\\Shirley\\LIM013-card-validation\\src\\validator.js","statementMap":{"0":{"start":{"line":1,"column":18},"end":{"line":52,"column":5}},"1":{"start":{"line":4,"column":29},"end":{"line":4,"column":52}},"2":{"start":{"line":5,"column":6},"end":{"line":5,"column":36}},"3":{"start":{"line":7,"column":26},"end":{"line":7,"column":52}},"4":{"start":{"line":8,"column":6},"end":{"line":8,"column":33}},"5":{"start":{"line":10,"column":17},"end":{"line":10,"column":18}},"6":{"start":{"line":11,"column":6},"end":{"line":24,"column":7}},"7":{"start":{"line":11,"column":19},"end":{"line":11,"column":20}},"8":{"start":{"line":12,"column":24},"end":{"line":12,"column":50}},"9":{"start":{"line":14,"column":8},"end":{"line":21,"column":9}},"10":{"start":{"line":15,"column":12},"end":{"line":15,"column":27}},"11":{"start":{"line":16,"column":10},"end":{"line":18,"column":11}},"12":{"start":{"line":17,"column":14},"end":{"line":17,"column":29}},"13":{"start":{"line":22,"column":8},"end":{"line":22,"column":26}},"14":{"start":{"line":25,"column":6},"end":{"line":25,"column":24}},"15":{"start":{"line":27,"column":8},"end":{"line":34,"column":8}},"16":{"start":{"line":30,"column":8},"end":{"line":30,"column":20}},"17":{"start":{"line":33,"column":8},"end":{"line":33,"column":21}},"18":{"start":{"line":39,"column":19},"end":{"line":39,"column":21}},"19":{"start":{"line":40,"column":10},"end":{"line":47,"column":11}},"20":{"start":{"line":40,"column":23},"end":{"line":40,"column":24}},"21":{"start":{"line":41,"column":12},"end":{"line":46,"column":13}},"22":{"start":{"line":42,"column":14},"end":{"line":42,"column":32}},"23":{"start":{"line":45,"column":14},"end":{"line":45,"column":45}},"24":{"start":{"line":48,"column":10},"end":{"line":48,"column":28}},"25":{"start":{"line":49,"column":10},"end":{"line":49,"column":21}}},"fnMap":{"0":{"name":"(anonymous_0)","decl":{"start":{"line":3,"column":4},"end":{"line":3,"column":5}},"loc":{"start":{"line":3,"column":29},"end":{"line":36,"column":7}},"line":3},"1":{"name":"(anonymous_1)","decl":{"start":{"line":38,"column":10},"end":{"line":38,"column":11}},"loc":{"start":{"line":38,"column":28},"end":{"line":51,"column":7}},"line":38}},"branchMap":{"0":{"loc":{"start":{"line":14,"column":8},"end":{"line":21,"column":9}},"type":"if","locations":[{"start":{"line":14,"column":8},"end":{"line":21,"column":9}},{"start":{"line":14,"column":8},"end":{"line":21,"column":9}}],"line":14},"1":{"loc":{"start":{"line":16,"column":10},"end":{"line":18,"column":11}},"type":"if","locations":[{"start":{"line":16,"column":10},"end":{"line":18,"column":11}},{"start":{"line":16,"column":10},"end":{"line":18,"column":11}}],"line":16},"2":{"loc":{"start":{"line":27,"column":8},"end":{"line":34,"column":8}},"type":"if","locations":[{"start":{"line":27,"column":8},"end":{"line":34,"column":8}},{"start":{"line":27,"column":8},"end":{"line":34,"column":8}}],"line":27},"3":{"loc":{"start":{"line":41,"column":12},"end":{"line":46,"column":13}},"type":"if","locations":[{"start":{"line":41,"column":12},"end":{"line":46,"column":13}},{"start":{"line":41,"column":12},"end":{"line":46,"column":13}}],"line":41}},"s":{"0":1,"1":3,"2":3,"3":3,"4":3,"5":3,"6":3,"7":3,"8":35,"9":35,"10":17,"11":17,"12":9,"13":35,"14":3,"15":3,"16":2,"17":1,"18":3,"19":3,"20":3,"21":27,"22":18,"23":9,"24":3,"25":3},"f":{"0":3,"1":3},"b":{"0":[17,18],"1":[9,8],"2":[2,1],"3":[18,9]},"_coverageSchema":"43e27e138ebf9cfc5966b082cf9a028302ed4184","hash":"76a74a84f342a6d7303f27e4a39478f71c2fa879"}
}
