TN:
SF:C:\Users\Shirley\LIM013-card-validation\src\validator.js
FN:3,(anonymous_0)
FN:38,(anonymous_1)
FNF:2
FNH:2
FNDA:3,(anonymous_0)
FNDA:3,(anonymous_1)
DA:1,1
DA:4,3
DA:5,3
DA:7,3
DA:8,3
DA:10,3
DA:11,3
DA:12,35
DA:14,35
DA:15,17
DA:16,17
DA:17,9
DA:22,35
DA:25,3
DA:27,3
DA:30,2
DA:33,1
DA:39,3
DA:40,3
DA:41,27
DA:42,18
DA:45,9
DA:48,3
DA:49,3
LF:24
LH:24
BRDA:14,0,0,17
BRDA:14,0,1,18
BRDA:16,1,0,9
BRDA:16,1,1,8
BRDA:27,2,0,2
BRDA:27,2,1,1
BRDA:41,3,0,18
BRDA:41,3,1,9
BRF:8
BRH:8
end_of_record
